2022-05-15 22:17:52,477  INFO [main] BBC Login :19 - ******************url is open******************
2022-05-15 22:17:52,830  INFO [main] BBC Login :23 - ************************Enter search data*****************************
2022-05-15 22:17:54,783  INFO [main] BBC Login :25 - ************************click search btn*****************************
2022-05-15 22:17:56,689  INFO [main] BBC Login :19 - ******************url is open******************
2022-05-15 22:17:56,747  INFO [main] BBC Login :23 - ************************Enter search data*****************************
2022-05-15 22:17:59,434  INFO [main] BBC Login :25 - ************************click search btn*****************************
2022-05-15 22:18:00,621  INFO [main] BBC Login :19 - ******************url is open******************
2022-05-15 22:18:00,690  INFO [main] BBC Login :23 - ************************Enter search data*****************************
2022-05-15 22:18:02,419  INFO [main] BBC Login :25 - ************************click search btn*****************************
2022-05-15 22:18:03,600  INFO [main] BBC Login :19 - ******************url is open******************
2022-05-15 22:18:03,675  INFO [main] BBC Login :23 - ************************Enter search data*****************************
2022-05-15 22:18:05,041  INFO [main] BBC Login :25 - ************************click search btn*****************************
2022-05-15 22:18:06,195  INFO [main] BBC Login :19 - ******************url is open******************
2022-05-15 22:18:06,269  INFO [main] BBC Login :23 - ************************Enter search data*****************************
2022-05-15 22:18:08,289  INFO [main] BBC Login :25 - ************************click search btn*****************************
2022-05-15 22:18:09,536  INFO [main] BBC Login :19 - ******************url is open******************
2022-05-15 22:18:09,616  INFO [main] BBC Login :23 - ************************Enter search data*****************************
2022-05-15 22:18:10,799  INFO [main] BBC Login :25 - ************************click search btn*****************************
2022-05-15 22:18:11,894  INFO [main] BBC Login :19 - ******************url is open******************
2022-05-15 22:18:11,960  INFO [main] BBC Login :23 - ************************Enter search data*****************************
2022-05-15 22:18:13,083  INFO [main] BBC Login :25 - ************************click search btn*****************************
2022-05-15 22:18:14,010  INFO [main] BBC Login :19 - ******************url is open******************
2022-05-15 22:18:14,088  INFO [main] BBC Login :23 - ************************Enter search data*****************************
2022-05-15 22:18:15,376  INFO [main] BBC Login :25 - ************************click search btn*****************************
2022-05-15 22:18:16,512  INFO [main] BBC Login :19 - ******************url is open******************
2022-05-15 22:18:16,579  INFO [main] BBC Login :23 - ************************Enter search data*****************************
2022-05-15 22:18:17,932  INFO [main] BBC Login :25 - ************************click search btn*****************************
2022-05-15 22:18:19,651  INFO [main] BBC Login :19 - ******************url is open******************
2022-05-15 22:18:19,711  INFO [main] BBC Login :23 - ************************Enter search data*****************************
2022-05-15 22:18:22,012  INFO [main] BBC Login :25 - ************************click search btn*****************************
2022-05-15 22:38:26,185  INFO [main] BBC Login :19 - ******************url is open******************
2022-05-15 22:38:26,382  INFO [main] BBC Login :23 - ************************Enter search data*****************************
2022-05-15 22:38:27,610  INFO [main] BBC Login :25 - ************************click search btn*****************************
2022-05-15 22:38:28,976  INFO [main] BBC Login :19 - ******************url is open******************
2022-05-15 22:38:29,038  INFO [main] BBC Login :23 - ************************Enter search data*****************************
2022-05-15 22:38:31,235  INFO [main] BBC Login :25 - ************************click search btn*****************************
2022-05-15 22:38:32,334  INFO [main] BBC Login :19 - ******************url is open******************
2022-05-15 22:38:32,406  INFO [main] BBC Login :23 - ************************Enter search data*****************************
2022-05-15 22:38:34,486  INFO [main] BBC Login :25 - ************************click search btn*****************************
2022-05-15 22:38:35,078  INFO [main] BBC Login :19 - ******************url is open******************
2022-05-15 22:39:22,537  INFO [main] BBC Login :19 - ******************url is open******************
2022-05-15 22:39:22,661  INFO [main] BBC Login :23 - ************************Enter search data*****************************
2022-05-15 22:39:24,139  INFO [main] BBC Login :25 - ************************click search btn*****************************
2022-05-15 22:39:25,267  INFO [main] BBC Login :19 - ******************url is open******************
2022-05-15 22:39:25,322  INFO [main] BBC Login :23 - ************************Enter search data*****************************
2022-05-15 22:39:26,675  INFO [main] BBC Login :25 - ************************click search btn*****************************
2022-05-15 22:39:27,983  INFO [main] BBC Login :19 - ******************url is open******************
2022-05-15 22:39:28,056  INFO [main] BBC Login :23 - ************************Enter search data*****************************
2022-05-15 22:39:29,123  INFO [main] BBC Login :25 - ************************click search btn*****************************
2022-05-15 22:39:30,322  INFO [main] BBC Login :19 - ******************url is open******************
2022-05-15 22:39:30,398  INFO [main] BBC Login :23 - ************************Enter search data*****************************
2022-05-15 22:39:31,361  INFO [main] BBC Login :25 - ************************click search btn*****************************
2022-05-15 22:39:32,423  INFO [main] BBC Login :19 - ******************url is open******************
2022-05-15 22:39:32,491  INFO [main] BBC Login :23 - ************************Enter search data*****************************
2022-05-15 22:39:33,928  INFO [main] BBC Login :25 - ************************click search btn*****************************
2022-05-15 22:39:34,939  INFO [main] BBC Login :19 - ******************url is open******************
2022-05-15 22:39:35,029  INFO [main] BBC Login :23 - ************************Enter search data*****************************
2022-05-15 22:39:36,436  INFO [main] BBC Login :25 - ************************click search btn*****************************
2022-05-15 22:39:37,376  INFO [main] BBC Login :19 - ******************url is open******************
2022-05-15 22:39:37,451  INFO [main] BBC Login :23 - ************************Enter search data*****************************
2022-05-15 22:39:39,174  INFO [main] BBC Login :25 - ************************click search btn*****************************
2022-05-15 22:39:40,172  INFO [main] BBC Login :19 - ******************url is open******************
2022-05-15 22:39:40,254  INFO [main] BBC Login :23 - ************************Enter search data*****************************
2022-05-15 22:39:41,690  INFO [main] BBC Login :25 - ************************click search btn*****************************
2022-05-15 22:39:42,612  INFO [main] BBC Login :19 - ******************url is open******************
2022-05-15 22:39:42,685  INFO [main] BBC Login :23 - ************************Enter search data*****************************
2022-05-15 22:39:43,630  INFO [main] BBC Login :25 - ************************click search btn*****************************
2022-05-15 22:39:44,599  INFO [main] BBC Login :19 - ******************url is open******************
2022-05-15 22:39:44,660  INFO [main] BBC Login :23 - ************************Enter search data*****************************
2022-05-15 22:39:45,758  INFO [main] BBC Login :25 - ************************click search btn*****************************
2022-05-15 23:09:01,087  INFO [main] BBC Login :19 - ******************url is open******************
2022-05-15 23:09:01,211  INFO [main] BBC Login :23 - ************************Enter search data*****************************
2022-05-15 23:09:02,947  INFO [main] BBC Login :25 - ************************click search btn*****************************
2022-05-15 23:09:03,363  INFO [main] BBC Login :40 - Screenshot taken
2022-05-15 23:09:04,029  INFO [main] BBC Login :19 - ******************url is open******************
2022-05-15 23:09:04,130  INFO [main] BBC Login :23 - ************************Enter search data*****************************
2022-05-15 23:09:05,959  INFO [main] BBC Login :25 - ************************click search btn*****************************
2022-05-15 23:09:06,294  INFO [main] BBC Login :40 - Screenshot taken
2022-05-15 23:09:07,203  INFO [main] BBC Login :19 - ******************url is open******************
2022-05-15 23:09:07,290  INFO [main] BBC Login :23 - ************************Enter search data*****************************
2022-05-15 23:09:09,507  INFO [main] BBC Login :25 - ************************click search btn*****************************
2022-05-15 23:09:10,032  INFO [main] BBC Login :40 - Screenshot taken
2022-05-15 23:09:10,657  INFO [main] BBC Login :19 - ******************url is open******************
2022-05-15 23:09:10,726  INFO [main] BBC Login :23 - ************************Enter search data*****************************
2022-05-15 23:09:12,090  INFO [main] BBC Login :25 - ************************click search btn*****************************
2022-05-15 23:09:12,379  INFO [main] BBC Login :40 - Screenshot taken
2022-05-15 23:09:13,228  INFO [main] BBC Login :19 - ******************url is open******************
2022-05-15 23:09:13,299  INFO [main] BBC Login :23 - ************************Enter search data*****************************
2022-05-15 23:09:15,385  INFO [main] BBC Login :25 - ************************click search btn*****************************
2022-05-15 23:09:15,643  INFO [main] BBC Login :40 - Screenshot taken
2022-05-15 23:09:16,640  INFO [main] BBC Login :19 - ******************url is open******************
2022-05-15 23:09:16,736  INFO [main] BBC Login :23 - ************************Enter search data*****************************
2022-05-15 23:09:18,409  INFO [main] BBC Login :25 - ************************click search btn*****************************
2022-05-15 23:09:18,654  INFO [main] BBC Login :40 - Screenshot taken
2022-05-15 23:09:19,566  INFO [main] BBC Login :19 - ******************url is open******************
2022-05-15 23:09:19,659  INFO [main] BBC Login :23 - ************************Enter search data*****************************
2022-05-15 23:09:20,608  INFO [main] BBC Login :25 - ************************click search btn*****************************
2022-05-15 23:09:20,904  INFO [main] BBC Login :40 - Screenshot taken
2022-05-15 23:09:21,472  INFO [main] BBC Login :19 - ******************url is open******************
2022-05-15 23:09:21,574  INFO [main] BBC Login :23 - ************************Enter search data*****************************
2022-05-15 23:09:22,816  INFO [main] BBC Login :25 - ************************click search btn*****************************
2022-05-15 23:09:23,076  INFO [main] BBC Login :40 - Screenshot taken
2022-05-15 23:09:24,033  INFO [main] BBC Login :19 - ******************url is open******************
2022-05-15 23:09:24,140  INFO [main] BBC Login :23 - ************************Enter search data*****************************
2022-05-15 23:09:25,937  INFO [main] BBC Login :25 - ************************click search btn*****************************
2022-05-15 23:09:26,208  INFO [main] BBC Login :40 - Screenshot taken
2022-05-15 23:09:27,175  INFO [main] BBC Login :19 - ******************url is open******************
2022-05-15 23:09:27,265  INFO [main] BBC Login :23 - ************************Enter search data*****************************
2022-05-15 23:09:28,362  INFO [main] BBC Login :25 - ************************click search btn*****************************
2022-05-15 23:09:28,615  INFO [main] BBC Login :40 - Screenshot taken
2022-05-15 23:10:41,605  INFO [main] BBC Login :19 - ******************url is open******************
2022-05-15 23:10:41,806  INFO [main] BBC Login :23 - ************************Enter search data*****************************
2022-05-15 23:10:44,389  INFO [main] BBC Login :25 - ************************click search btn*****************************
2022-05-15 23:10:44,764  INFO [main] BBC Login :40 - Screenshot taken
2022-05-15 23:10:47,067  INFO [main] BBC Login :19 - ******************url is open******************
2022-05-15 23:10:47,166  INFO [main] BBC Login :23 - ************************Enter search data*****************************
2022-05-15 23:10:49,149  INFO [main] BBC Login :25 - ************************click search btn*****************************
2022-05-15 23:10:49,448  INFO [main] BBC Login :40 - Screenshot taken
2022-05-15 23:10:50,084  INFO [main] BBC Login :19 - ******************url is open******************
2022-05-15 23:10:50,185  INFO [main] BBC Login :23 - ************************Enter search data*****************************
2022-05-15 23:10:52,003  INFO [main] BBC Login :25 - ************************click search btn*****************************
2022-05-15 23:10:52,297  INFO [main] BBC Login :40 - Screenshot taken
2022-05-15 23:10:53,314  INFO [main] BBC Login :19 - ******************url is open******************
2022-05-15 23:10:53,392  INFO [main] BBC Login :23 - ************************Enter search data*****************************
2022-05-15 23:10:54,650  INFO [main] BBC Login :25 - ************************click search btn*****************************
2022-05-15 23:10:54,911  INFO [main] BBC Login :40 - Screenshot taken
2022-05-15 23:10:55,550  INFO [main] BBC Login :19 - ******************url is open******************
2022-05-15 23:10:55,633  INFO [main] BBC Login :23 - ************************Enter search data*****************************
2022-05-15 23:10:56,866  INFO [main] BBC Login :25 - ************************click search btn*****************************
2022-05-15 23:10:57,177  INFO [main] BBC Login :40 - Screenshot taken
2022-05-15 23:10:57,808  INFO [main] BBC Login :19 - ******************url is open******************
2022-05-15 23:10:57,882  INFO [main] BBC Login :23 - ************************Enter search data*****************************
2022-05-15 23:10:59,592  INFO [main] BBC Login :25 - ************************click search btn*****************************
2022-05-15 23:10:59,821  INFO [main] BBC Login :40 - Screenshot taken
2022-05-15 23:11:00,528  INFO [main] BBC Login :19 - ******************url is open******************
2022-05-15 23:11:00,601  INFO [main] BBC Login :23 - ************************Enter search data*****************************
2022-05-15 23:11:02,698  INFO [main] BBC Login :25 - ************************click search btn*****************************
2022-05-15 23:11:03,011  INFO [main] BBC Login :40 - Screenshot taken
2022-05-15 23:11:03,665  INFO [main] BBC Login :19 - ******************url is open******************
2022-05-15 23:11:03,744  INFO [main] BBC Login :23 - ************************Enter search data*****************************
2022-05-15 23:11:05,095  INFO [main] BBC Login :25 - ************************click search btn*****************************
2022-05-15 23:11:05,404  INFO [main] BBC Login :40 - Screenshot taken
2022-05-15 23:11:06,331  INFO [main] BBC Login :19 - ******************url is open******************
2022-05-15 23:11:06,461  INFO [main] BBC Login :23 - ************************Enter search data*****************************
2022-05-15 23:11:07,583  INFO [main] BBC Login :25 - ************************click search btn*****************************
2022-05-15 23:11:07,880  INFO [main] BBC Login :40 - Screenshot taken
2022-05-15 23:11:08,740  INFO [main] BBC Login :19 - ******************url is open******************
2022-05-15 23:11:08,815  INFO [main] BBC Login :23 - ************************Enter search data*****************************
2022-05-15 23:11:10,370  INFO [main] BBC Login :25 - ************************click search btn*****************************
2022-05-15 23:11:10,737  INFO [main] BBC Login :40 - Screenshot taken
2022-05-16 00:07:04,630  INFO [main] BBC Login :19 - ******************url is open******************
2022-05-16 00:07:04,756  INFO [main] BBC Login :23 - ************************Enter search data*****************************
2022-05-16 00:07:07,017  INFO [main] BBC Login :25 - ************************click search btn*****************************
2022-05-16 00:07:07,333  INFO [main] BBC Login :40 - Screenshot taken
2022-05-16 00:07:08,231  INFO [main] BBC Login :19 - ******************url is open******************
2022-05-16 00:07:08,325  INFO [main] BBC Login :23 - ************************Enter search data*****************************
2022-05-16 00:07:09,789  INFO [main] BBC Login :25 - ************************click search btn*****************************
2022-05-16 00:07:10,138  INFO [main] BBC Login :40 - Screenshot taken
2022-05-16 00:07:11,068  INFO [main] BBC Login :19 - ******************url is open******************
2022-05-16 00:07:11,169  INFO [main] BBC Login :23 - ************************Enter search data*****************************
2022-05-16 00:07:12,899  INFO [main] BBC Login :25 - ************************click search btn*****************************
2022-05-16 00:07:13,171  INFO [main] BBC Login :40 - Screenshot taken
2022-05-16 00:07:13,947  INFO [main] BBC Login :19 - ******************url is open******************
2022-05-16 00:07:14,034  INFO [main] BBC Login :23 - ************************Enter search data*****************************
2022-05-16 00:07:15,926  INFO [main] BBC Login :25 - ************************click search btn*****************************
2022-05-16 00:07:16,224  INFO [main] BBC Login :40 - Screenshot taken
2022-05-16 00:07:16,832  INFO [main] BBC Login :19 - ******************url is open******************
2022-05-16 00:07:16,915  INFO [main] BBC Login :23 - ************************Enter search data*****************************
2022-05-16 00:07:18,453  INFO [main] BBC Login :25 - ************************click search btn*****************************
2022-05-16 00:07:18,786  INFO [main] BBC Login :40 - Screenshot taken
2022-05-16 00:07:19,368  INFO [main] BBC Login :19 - ******************url is open******************
2022-05-16 00:07:19,466  INFO [main] BBC Login :23 - ************************Enter search data*****************************
2022-05-16 00:07:21,179  INFO [main] BBC Login :25 - ************************click search btn*****************************
2022-05-16 00:07:21,501  INFO [main] BBC Login :40 - Screenshot taken
2022-05-16 00:07:22,454  INFO [main] BBC Login :19 - ******************url is open******************
2022-05-16 00:07:22,540  INFO [main] BBC Login :23 - ************************Enter search data*****************************
2022-05-16 00:07:23,691  INFO [main] BBC Login :25 - ************************click search btn*****************************
2022-05-16 00:07:23,958  INFO [main] BBC Login :40 - Screenshot taken
2022-05-16 00:07:24,492  INFO [main] BBC Login :19 - ******************url is open******************
2022-05-16 00:07:24,609  INFO [main] BBC Login :23 - ************************Enter search data*****************************
2022-05-16 00:07:25,747  INFO [main] BBC Login :25 - ************************click search btn*****************************
2022-05-16 00:07:26,063  INFO [main] BBC Login :40 - Screenshot taken
2022-05-16 00:07:26,652  INFO [main] BBC Login :19 - ******************url is open******************
2022-05-16 00:07:26,722  INFO [main] BBC Login :23 - ************************Enter search data*****************************
2022-05-16 00:07:27,874  INFO [main] BBC Login :25 - ************************click search btn*****************************
2022-05-16 00:07:28,173  INFO [main] BBC Login :40 - Screenshot taken
2022-05-16 00:07:28,880  INFO [main] BBC Login :19 - ******************url is open******************
2022-05-16 00:07:28,965  INFO [main] BBC Login :23 - ************************Enter search data*****************************
2022-05-16 00:07:29,920  INFO [main] BBC Login :25 - ************************click search btn*****************************
2022-05-16 00:07:30,205  INFO [main] BBC Login :40 - Screenshot taken
2022-05-16 00:09:09,772  INFO [main] BBC Login :19 - ******************url is open******************
2022-05-16 00:10:27,165  INFO [main] BBC Login :19 - ******************url is open******************
2022-05-16 00:10:27,397  INFO [main] BBC Login :23 - ************************Enter search data*****************************
2022-05-16 00:10:29,049  INFO [main] BBC Login :25 - ************************click search btn*****************************
2022-05-16 00:10:29,390  INFO [main] BBC Login :40 - Screenshot taken
2022-05-16 00:10:30,070  INFO [main] BBC Login :19 - ******************url is open******************
2022-05-16 00:10:30,137  INFO [main] BBC Login :23 - ************************Enter search data*****************************
2022-05-16 00:10:31,123  INFO [main] BBC Login :25 - ************************click search btn*****************************
2022-05-16 00:10:31,421  INFO [main] BBC Login :40 - Screenshot taken
2022-05-16 00:10:32,365  INFO [main] BBC Login :19 - ******************url is open******************
2022-05-16 00:10:32,468  INFO [main] BBC Login :23 - ************************Enter search data*****************************
2022-05-16 00:10:33,816  INFO [main] BBC Login :25 - ************************click search btn*****************************
2022-05-16 00:10:34,178  INFO [main] BBC Login :40 - Screenshot taken
2022-05-16 00:10:35,121  INFO [main] BBC Login :19 - ******************url is open******************
2022-05-16 00:10:35,219  INFO [main] BBC Login :23 - ************************Enter search data*****************************
2022-05-16 00:10:36,677  INFO [main] BBC Login :25 - ************************click search btn*****************************
2022-05-16 00:10:36,981  INFO [main] BBC Login :40 - Screenshot taken
2022-05-16 00:10:37,620  INFO [main] BBC Login :19 - ******************url is open******************
2022-05-16 00:10:37,704  INFO [main] BBC Login :23 - ************************Enter search data*****************************
2022-05-16 00:10:38,978  INFO [main] BBC Login :25 - ************************click search btn*****************************
2022-05-16 00:10:39,351  INFO [main] BBC Login :40 - Screenshot taken
2022-05-16 00:10:39,981  INFO [main] BBC Login :19 - ******************url is open******************
2022-05-16 00:10:40,085  INFO [main] BBC Login :23 - ************************Enter search data*****************************
2022-05-16 00:10:41,322  INFO [main] BBC Login :25 - ************************click search btn*****************************
2022-05-16 00:10:41,587  INFO [main] BBC Login :40 - Screenshot taken
2022-05-16 00:10:43,306  INFO [main] BBC Login :19 - ******************url is open******************
2022-05-16 00:10:43,406  INFO [main] BBC Login :23 - ************************Enter search data*****************************
2022-05-16 00:10:44,865  INFO [main] BBC Login :25 - ************************click search btn*****************************
2022-05-16 00:10:45,132  INFO [main] BBC Login :40 - Screenshot taken
2022-05-16 00:10:45,796  INFO [main] BBC Login :19 - ******************url is open******************
2022-05-16 00:10:45,896  INFO [main] BBC Login :23 - ************************Enter search data*****************************
2022-05-16 00:10:47,167  INFO [main] BBC Login :25 - ************************click search btn*****************************
2022-05-16 00:10:47,480  INFO [main] BBC Login :40 - Screenshot taken
2022-05-16 00:10:48,516  INFO [main] BBC Login :19 - ******************url is open******************
2022-05-16 00:10:48,618  INFO [main] BBC Login :23 - ************************Enter search data*****************************
2022-05-16 00:10:49,505  INFO [main] BBC Login :25 - ************************click search btn*****************************
2022-05-16 00:10:49,829  INFO [main] BBC Login :40 - Screenshot taken
2022-05-16 00:10:50,798  INFO [main] BBC Login :19 - ******************url is open******************
2022-05-16 00:10:50,861  INFO [main] BBC Login :23 - ************************Enter search data*****************************
2022-05-16 00:10:52,290  INFO [main] BBC Login :25 - ************************click search btn*****************************
2022-05-16 00:10:52,591  INFO [main] BBC Login :40 - Screenshot taken
2022-05-16 00:11:10,288 DEBUG [main] cache:45 - Couldn't find template in cache for "index.ftl"("en", UTF-8, parsed); will try to load it.
2022-05-16 00:11:10,289 DEBUG [main] cache:45 - TemplateLoader.findTemplateSource("index_en.ftl"): Not found
2022-05-16 00:11:10,291 DEBUG [main] cache:45 - TemplateLoader.findTemplateSource("index.ftl"): Found
2022-05-16 00:11:10,292 DEBUG [main] cache:45 - Loading template for "index.ftl"("en", UTF-8, parsed) from "jar:file:/C:/Users/nirnay/.m2/repository/com/aventstack/extentreports/3.1.2/extentreports-3.1.2.jar!/com/aventstack/extentreports/view/html-report/index.ftl"
2022-05-16 00:11:10,562 DEBUG [main] cache:45 - Couldn't find template in cache for "head.ftl"("en", UTF-8, parsed); will try to load it.
2022-05-16 00:11:10,563 DEBUG [main] cache:45 - TemplateLoader.findTemplateSource("head_en.ftl"): Not found
2022-05-16 00:11:10,564 DEBUG [main] cache:45 - TemplateLoader.findTemplateSource("head.ftl"): Found
2022-05-16 00:11:10,564 DEBUG [main] cache:45 - Loading template for "head.ftl"("en", UTF-8, parsed) from "jar:file:/C:/Users/nirnay/.m2/repository/com/aventstack/extentreports/3.1.2/extentreports-3.1.2.jar!/com/aventstack/extentreports/view/html-report/head.ftl"
2022-05-16 00:11:10,566 DEBUG [main] cache:45 - Couldn't find template in cache for "nav.ftl"("en", UTF-8, parsed); will try to load it.
2022-05-16 00:11:10,567 DEBUG [main] cache:45 - TemplateLoader.findTemplateSource("nav_en.ftl"): Not found
2022-05-16 00:11:10,568 DEBUG [main] cache:45 - TemplateLoader.findTemplateSource("nav.ftl"): Found
2022-05-16 00:11:10,569 DEBUG [main] cache:45 - Loading template for "nav.ftl"("en", UTF-8, parsed) from "jar:file:/C:/Users/nirnay/.m2/repository/com/aventstack/extentreports/3.1.2/extentreports-3.1.2.jar!/com/aventstack/extentreports/view/html-report/nav.ftl"
2022-05-16 00:11:10,576 DEBUG [main] cache:45 - Couldn't find template in cache for "test-view/test-view.ftl"("en", UTF-8, parsed); will try to load it.
2022-05-16 00:11:10,577 DEBUG [main] cache:45 - TemplateLoader.findTemplateSource("test-view/test-view_en.ftl"): Not found
2022-05-16 00:11:10,577 DEBUG [main] cache:45 - TemplateLoader.findTemplateSource("test-view/test-view.ftl"): Found
2022-05-16 00:11:10,578 DEBUG [main] cache:45 - Loading template for "test-view/test-view.ftl"("en", UTF-8, parsed) from "jar:file:/C:/Users/nirnay/.m2/repository/com/aventstack/extentreports/3.1.2/extentreports-3.1.2.jar!/com/aventstack/extentreports/view/html-report/test-view/test-view.ftl"
2022-05-16 00:11:10,585 DEBUG [main] cache:45 - Couldn't find template in cache for "test-view/test-view-charts.ftl"("en", UTF-8, parsed); will try to load it.
2022-05-16 00:11:10,586 DEBUG [main] cache:45 - TemplateLoader.findTemplateSource("test-view/test-view-charts_en.ftl"): Not found
2022-05-16 00:11:10,586 DEBUG [main] cache:45 - TemplateLoader.findTemplateSource("test-view/test-view-charts.ftl"): Found
2022-05-16 00:11:10,587 DEBUG [main] cache:45 - Loading template for "test-view/test-view-charts.ftl"("en", UTF-8, parsed) from "jar:file:/C:/Users/nirnay/.m2/repository/com/aventstack/extentreports/3.1.2/extentreports-3.1.2.jar!/com/aventstack/extentreports/view/html-report/test-view/test-view-charts.ftl"
2022-05-16 00:11:10,598 DEBUG [main] cache:45 - Couldn't find template in cache for "test-view/standard.ftl"("en", UTF-8, parsed); will try to load it.
2022-05-16 00:11:10,599 DEBUG [main] cache:45 - TemplateLoader.findTemplateSource("test-view/standard_en.ftl"): Not found
2022-05-16 00:11:10,600 DEBUG [main] cache:45 - TemplateLoader.findTemplateSource("test-view/standard.ftl"): Found
2022-05-16 00:11:10,600 DEBUG [main] cache:45 - Loading template for "test-view/standard.ftl"("en", UTF-8, parsed) from "jar:file:/C:/Users/nirnay/.m2/repository/com/aventstack/extentreports/3.1.2/extentreports-3.1.2.jar!/com/aventstack/extentreports/view/html-report/test-view/standard.ftl"
2022-05-16 00:11:10,614 DEBUG [main] cache:45 - "test-view/standard.ftl"("en", UTF-8, parsed) cached copy not yet stale; using cached.
2022-05-16 00:11:10,614 DEBUG [main] cache:45 - "test-view/standard.ftl"("en", UTF-8, parsed) cached copy not yet stale; using cached.
2022-05-16 00:11:10,616 DEBUG [main] cache:45 - "test-view/standard.ftl"("en", UTF-8, parsed) cached copy not yet stale; using cached.
2022-05-16 00:11:10,618 DEBUG [main] cache:45 - "test-view/standard.ftl"("en", UTF-8, parsed) cached copy not yet stale; using cached.
2022-05-16 00:11:10,619 DEBUG [main] cache:45 - "test-view/standard.ftl"("en", UTF-8, parsed) cached copy not yet stale; using cached.
2022-05-16 00:11:10,621 DEBUG [main] cache:45 - "test-view/standard.ftl"("en", UTF-8, parsed) cached copy not yet stale; using cached.
2022-05-16 00:11:10,622 DEBUG [main] cache:45 - "test-view/standard.ftl"("en", UTF-8, parsed) cached copy not yet stale; using cached.
2022-05-16 00:11:10,623 DEBUG [main] cache:45 - "test-view/standard.ftl"("en", UTF-8, parsed) cached copy not yet stale; using cached.
2022-05-16 00:11:10,624 DEBUG [main] cache:45 - "test-view/standard.ftl"("en", UTF-8, parsed) cached copy not yet stale; using cached.
2022-05-16 00:11:10,625 DEBUG [main] cache:45 - "test-view/standard.ftl"("en", UTF-8, parsed) cached copy not yet stale; using cached.
2022-05-16 00:11:10,626 DEBUG [main] cache:45 - "test-view/standard.ftl"("en", UTF-8, parsed) cached copy not yet stale; using cached.
2022-05-16 00:11:10,627 DEBUG [main] cache:45 - "test-view/standard.ftl"("en", UTF-8, parsed) cached copy not yet stale; using cached.
2022-05-16 00:11:10,627 DEBUG [main] cache:45 - "test-view/standard.ftl"("en", UTF-8, parsed) cached copy not yet stale; using cached.
2022-05-16 00:11:10,629 DEBUG [main] cache:45 - "test-view/standard.ftl"("en", UTF-8, parsed) cached copy not yet stale; using cached.
2022-05-16 00:11:10,630 DEBUG [main] cache:45 - "test-view/standard.ftl"("en", UTF-8, parsed) cached copy not yet stale; using cached.
2022-05-16 00:11:10,633 DEBUG [main] cache:45 - "test-view/standard.ftl"("en", UTF-8, parsed) cached copy not yet stale; using cached.
2022-05-16 00:11:10,635 DEBUG [main] cache:45 - "test-view/standard.ftl"("en", UTF-8, parsed) cached copy not yet stale; using cached.
2022-05-16 00:11:10,635 DEBUG [main] cache:45 - Couldn't find template in cache for "category-view/category-view.ftl"("en", UTF-8, parsed); will try to load it.
2022-05-16 00:11:10,636 DEBUG [main] cache:45 - TemplateLoader.findTemplateSource("category-view/category-view_en.ftl"): Not found
2022-05-16 00:11:10,637 DEBUG [main] cache:45 - TemplateLoader.findTemplateSource("category-view/category-view.ftl"): Found
2022-05-16 00:11:10,637 DEBUG [main] cache:45 - Loading template for "category-view/category-view.ftl"("en", UTF-8, parsed) from "jar:file:/C:/Users/nirnay/.m2/repository/com/aventstack/extentreports/3.1.2/extentreports-3.1.2.jar!/com/aventstack/extentreports/view/html-report/category-view/category-view.ftl"
2022-05-16 00:11:10,640 DEBUG [main] cache:45 - Couldn't find template in cache for "author-view/author-view.ftl"("en", UTF-8, parsed); will try to load it.
2022-05-16 00:11:10,640 DEBUG [main] cache:45 - TemplateLoader.findTemplateSource("author-view/author-view_en.ftl"): Not found
2022-05-16 00:11:10,641 DEBUG [main] cache:45 - TemplateLoader.findTemplateSource("author-view/author-view.ftl"): Found
2022-05-16 00:11:10,641 DEBUG [main] cache:45 - Loading template for "author-view/author-view.ftl"("en", UTF-8, parsed) from "jar:file:/C:/Users/nirnay/.m2/repository/com/aventstack/extentreports/3.1.2/extentreports-3.1.2.jar!/com/aventstack/extentreports/view/html-report/author-view/author-view.ftl"
2022-05-16 00:11:10,646 DEBUG [main] cache:45 - Couldn't find template in cache for "exception-view/exception-view.ftl"("en", UTF-8, parsed); will try to load it.
2022-05-16 00:11:10,647 DEBUG [main] cache:45 - TemplateLoader.findTemplateSource("exception-view/exception-view_en.ftl"): Not found
2022-05-16 00:11:10,647 DEBUG [main] cache:45 - TemplateLoader.findTemplateSource("exception-view/exception-view.ftl"): Found
2022-05-16 00:11:10,648 DEBUG [main] cache:45 - Loading template for "exception-view/exception-view.ftl"("en", UTF-8, parsed) from "jar:file:/C:/Users/nirnay/.m2/repository/com/aventstack/extentreports/3.1.2/extentreports-3.1.2.jar!/com/aventstack/extentreports/view/html-report/exception-view/exception-view.ftl"
2022-05-16 00:11:10,651 DEBUG [main] cache:45 - Couldn't find template in cache for "dashboard-view/dashboard-view.ftl"("en", UTF-8, parsed); will try to load it.
2022-05-16 00:11:10,652 DEBUG [main] cache:45 - TemplateLoader.findTemplateSource("dashboard-view/dashboard-view_en.ftl"): Not found
2022-05-16 00:11:10,653 DEBUG [main] cache:45 - TemplateLoader.findTemplateSource("dashboard-view/dashboard-view.ftl"): Found
2022-05-16 00:11:10,653 DEBUG [main] cache:45 - Loading template for "dashboard-view/dashboard-view.ftl"("en", UTF-8, parsed) from "jar:file:/C:/Users/nirnay/.m2/repository/com/aventstack/extentreports/3.1.2/extentreports-3.1.2.jar!/com/aventstack/extentreports/view/html-report/dashboard-view/dashboard-view.ftl"
2022-05-16 00:11:10,661 DEBUG [main] cache:45 - Couldn't find template in cache for "logs-view/testrunner-logs-view.ftl"("en", UTF-8, parsed); will try to load it.
2022-05-16 00:11:10,665 DEBUG [main] cache:45 - TemplateLoader.findTemplateSource("logs-view/testrunner-logs-view_en.ftl"): Not found
2022-05-16 00:11:10,666 DEBUG [main] cache:45 - TemplateLoader.findTemplateSource("logs-view/testrunner-logs-view.ftl"): Found
2022-05-16 00:11:10,666 DEBUG [main] cache:45 - Loading template for "logs-view/testrunner-logs-view.ftl"("en", UTF-8, parsed) from "jar:file:/C:/Users/nirnay/.m2/repository/com/aventstack/extentreports/3.1.2/extentreports-3.1.2.jar!/com/aventstack/extentreports/view/html-report/logs-view/testrunner-logs-view.ftl"
2022-05-16 04:26:28,571  INFO [main] BBC Login :19 - url is open
2022-05-16 04:26:29,353  INFO [main] BBC Login :23 - ************************Enter search data*****************************
2022-05-16 04:26:32,134  INFO [main] BBC Login :25 - ************************click search btn*****************************
2022-05-16 04:26:33,525  INFO [main] BBC Login :40 - Screenshot taken
2022-05-16 04:26:34,403  INFO [main] BBC Login :19 - url is open
2022-05-16 04:26:34,473  INFO [main] BBC Login :23 - ************************Enter search data*****************************
2022-05-16 04:26:36,217  INFO [main] BBC Login :25 - ************************click search btn*****************************
2022-05-16 04:26:36,586  INFO [main] BBC Login :40 - Screenshot taken
2022-05-16 04:26:37,177  INFO [main] BBC Login :19 - url is open
2022-05-16 04:26:37,273  INFO [main] BBC Login :23 - ************************Enter search data*****************************
2022-05-16 04:26:38,612  INFO [main] BBC Login :25 - ************************click search btn*****************************
2022-05-16 04:26:38,878  INFO [main] BBC Login :40 - Screenshot taken
2022-05-16 04:26:39,689  INFO [main] BBC Login :19 - url is open
2022-05-16 04:26:39,786  INFO [main] BBC Login :23 - ************************Enter search data*****************************
2022-05-16 04:26:41,567  INFO [main] BBC Login :25 - ************************click search btn*****************************
2022-05-16 04:26:41,898  INFO [main] BBC Login :40 - Screenshot taken
2022-05-16 04:26:43,321  INFO [main] BBC Login :19 - url is open
2022-05-16 04:26:43,424  INFO [main] BBC Login :23 - ************************Enter search data*****************************
2022-05-16 04:26:45,315  INFO [main] BBC Login :25 - ************************click search btn*****************************
2022-05-16 04:26:45,586  INFO [main] BBC Login :40 - Screenshot taken
2022-05-16 04:26:46,134  INFO [main] BBC Login :19 - url is open
2022-05-16 04:26:46,239  INFO [main] BBC Login :23 - ************************Enter search data*****************************
2022-05-16 04:26:47,321  INFO [main] BBC Login :25 - ************************click search btn*****************************
2022-05-16 04:26:47,625  INFO [main] BBC Login :40 - Screenshot taken
2022-05-16 04:26:48,131  INFO [main] BBC Login :19 - url is open
2022-05-16 04:26:48,231  INFO [main] BBC Login :23 - ************************Enter search data*****************************
2022-05-16 04:26:50,145  INFO [main] BBC Login :25 - ************************click search btn*****************************
2022-05-16 04:26:50,419  INFO [main] BBC Login :40 - Screenshot taken
2022-05-16 04:26:51,061  INFO [main] BBC Login :19 - url is open
2022-05-16 04:26:51,142  INFO [main] BBC Login :23 - ************************Enter search data*****************************
2022-05-16 04:26:53,246  INFO [main] BBC Login :25 - ************************click search btn*****************************
2022-05-16 04:26:53,595  INFO [main] BBC Login :40 - Screenshot taken
2022-05-16 04:26:54,317  INFO [main] BBC Login :19 - url is open
2022-05-16 04:26:54,422  INFO [main] BBC Login :23 - ************************Enter search data*****************************
2022-05-16 04:26:55,172  INFO [main] BBC Login :25 - ************************click search btn*****************************
2022-05-16 04:26:55,410  INFO [main] BBC Login :40 - Screenshot taken
2022-05-16 04:26:55,918  INFO [main] BBC Login :19 - url is open
2022-05-16 04:26:56,029  INFO [main] BBC Login :23 - ************************Enter search data*****************************
2022-05-16 04:26:57,024  INFO [main] BBC Login :25 - ************************click search btn*****************************
2022-05-16 04:26:57,382  INFO [main] BBC Login :40 - Screenshot taken
2022-05-16 04:27:07,243  INFO [main] BBC Login :14 - URL is open
2022-05-16 04:27:07,354  INFO [main] BBC Login :17 - enter data
2022-05-16 04:27:07,750  INFO [main] BBC Login :14 - URL is open
2022-05-16 04:27:07,805  INFO [main] BBC Login :17 - enter data
2022-05-16 04:27:07,833  INFO [main] BBC Login :14 - URL is open
2022-05-16 04:27:07,917  INFO [main] BBC Login :17 - enter data
2022-05-16 04:27:07,937  INFO [main] BBC Login :14 - URL is open
2022-05-16 04:27:07,971  INFO [main] BBC Login :17 - enter data
2022-05-16 04:27:07,990  INFO [main] BBC Login :14 - URL is open
2022-05-16 04:27:08,099  INFO [main] BBC Login :17 - enter data
2022-05-16 04:27:08,122  INFO [main] BBC Login :14 - URL is open
2022-05-16 04:27:08,191  INFO [main] BBC Login :17 - enter data
2022-05-16 04:27:08,211  INFO [main] BBC Login :14 - URL is open
2022-05-16 04:27:08,253  INFO [main] BBC Login :17 - enter data
2022-05-16 04:27:14,995  INFO [main] BBC Login :18 - verify the element
2022-05-16 04:27:15,034  INFO [main] BBC Login :22 - verify the element
2022-05-16 04:27:15,058  INFO [main] BBC Login :26 - verify the element
2022-05-16 04:27:15,084  INFO [main] BBC Login :30 - verify the element
2022-05-16 04:27:22,786  INFO [main] BBC Login :19 - Login test passed
2022-05-16 04:27:30,488  INFO [main] BBC Login :25 - About test passed
2022-05-16 04:27:44,228  INFO [main] BBC Login :40 - Screenshot taken
2022-05-16 04:27:54,182  INFO [main] BBC Login :23 - View More Button test is passed
2022-05-16 04:28:01,184  INFO [main] BBC Login :40 - Screenshot taken
2022-05-16 04:28:08,423  INFO [main] BBC Login :23 - Verify search bar pass
2022-05-16 04:28:16,534  INFO [main] BBC Login :17 - Enter search data 
2022-05-16 04:28:17,585 DEBUG [main] cache:45 - Couldn't find template in cache for "index.ftl"("en", UTF-8, parsed); will try to load it.
2022-05-16 04:28:17,586 DEBUG [main] cache:45 - TemplateLoader.findTemplateSource("index_en.ftl"): Not found
2022-05-16 04:28:17,588 DEBUG [main] cache:45 - TemplateLoader.findTemplateSource("index.ftl"): Found
2022-05-16 04:28:17,588 DEBUG [main] cache:45 - Loading template for "index.ftl"("en", UTF-8, parsed) from "jar:file:/C:/Users/nirnay/.m2/repository/com/aventstack/extentreports/3.1.2/extentreports-3.1.2.jar!/com/aventstack/extentreports/view/html-report/index.ftl"
2022-05-16 04:28:17,814 DEBUG [main] cache:45 - Couldn't find template in cache for "head.ftl"("en", UTF-8, parsed); will try to load it.
2022-05-16 04:28:17,823 DEBUG [main] cache:45 - TemplateLoader.findTemplateSource("head_en.ftl"): Not found
2022-05-16 04:28:17,824 DEBUG [main] cache:45 - TemplateLoader.findTemplateSource("head.ftl"): Found
2022-05-16 04:28:17,824 DEBUG [main] cache:45 - Loading template for "head.ftl"("en", UTF-8, parsed) from "jar:file:/C:/Users/nirnay/.m2/repository/com/aventstack/extentreports/3.1.2/extentreports-3.1.2.jar!/com/aventstack/extentreports/view/html-report/head.ftl"
2022-05-16 04:28:17,827 DEBUG [main] cache:45 - Couldn't find template in cache for "nav.ftl"("en", UTF-8, parsed); will try to load it.
2022-05-16 04:28:17,827 DEBUG [main] cache:45 - TemplateLoader.findTemplateSource("nav_en.ftl"): Not found
2022-05-16 04:28:17,828 DEBUG [main] cache:45 - TemplateLoader.findTemplateSource("nav.ftl"): Found
2022-05-16 04:28:17,828 DEBUG [main] cache:45 - Loading template for "nav.ftl"("en", UTF-8, parsed) from "jar:file:/C:/Users/nirnay/.m2/repository/com/aventstack/extentreports/3.1.2/extentreports-3.1.2.jar!/com/aventstack/extentreports/view/html-report/nav.ftl"
2022-05-16 04:28:17,836 DEBUG [main] cache:45 - Couldn't find template in cache for "test-view/test-view.ftl"("en", UTF-8, parsed); will try to load it.
2022-05-16 04:28:17,837 DEBUG [main] cache:45 - TemplateLoader.findTemplateSource("test-view/test-view_en.ftl"): Not found
2022-05-16 04:28:17,838 DEBUG [main] cache:45 - TemplateLoader.findTemplateSource("test-view/test-view.ftl"): Found
2022-05-16 04:28:17,838 DEBUG [main] cache:45 - Loading template for "test-view/test-view.ftl"("en", UTF-8, parsed) from "jar:file:/C:/Users/nirnay/.m2/repository/com/aventstack/extentreports/3.1.2/extentreports-3.1.2.jar!/com/aventstack/extentreports/view/html-report/test-view/test-view.ftl"
2022-05-16 04:28:17,845 DEBUG [main] cache:45 - Couldn't find template in cache for "test-view/test-view-charts.ftl"("en", UTF-8, parsed); will try to load it.
2022-05-16 04:28:17,846 DEBUG [main] cache:45 - TemplateLoader.findTemplateSource("test-view/test-view-charts_en.ftl"): Not found
2022-05-16 04:28:17,847 DEBUG [main] cache:45 - TemplateLoader.findTemplateSource("test-view/test-view-charts.ftl"): Found
2022-05-16 04:28:17,847 DEBUG [main] cache:45 - Loading template for "test-view/test-view-charts.ftl"("en", UTF-8, parsed) from "jar:file:/C:/Users/nirnay/.m2/repository/com/aventstack/extentreports/3.1.2/extentreports-3.1.2.jar!/com/aventstack/extentreports/view/html-report/test-view/test-view-charts.ftl"
2022-05-16 04:28:17,860 DEBUG [main] cache:45 - Couldn't find template in cache for "test-view/standard.ftl"("en", UTF-8, parsed); will try to load it.
2022-05-16 04:28:17,861 DEBUG [main] cache:45 - TemplateLoader.findTemplateSource("test-view/standard_en.ftl"): Not found
2022-05-16 04:28:17,861 DEBUG [main] cache:45 - TemplateLoader.findTemplateSource("test-view/standard.ftl"): Found
2022-05-16 04:28:17,862 DEBUG [main] cache:45 - Loading template for "test-view/standard.ftl"("en", UTF-8, parsed) from "jar:file:/C:/Users/nirnay/.m2/repository/com/aventstack/extentreports/3.1.2/extentreports-3.1.2.jar!/com/aventstack/extentreports/view/html-report/test-view/standard.ftl"
2022-05-16 04:28:17,875 DEBUG [main] cache:45 - "test-view/standard.ftl"("en", UTF-8, parsed) cached copy not yet stale; using cached.
2022-05-16 04:28:17,883 DEBUG [main] cache:45 - "test-view/standard.ftl"("en", UTF-8, parsed) cached copy not yet stale; using cached.
2022-05-16 04:28:17,885 DEBUG [main] cache:45 - "test-view/standard.ftl"("en", UTF-8, parsed) cached copy not yet stale; using cached.
2022-05-16 04:28:17,886 DEBUG [main] cache:45 - "test-view/standard.ftl"("en", UTF-8, parsed) cached copy not yet stale; using cached.
2022-05-16 04:28:17,895 DEBUG [main] cache:45 - "test-view/standard.ftl"("en", UTF-8, parsed) cached copy not yet stale; using cached.
2022-05-16 04:28:17,896 DEBUG [main] cache:45 - "test-view/standard.ftl"("en", UTF-8, parsed) cached copy not yet stale; using cached.
2022-05-16 04:28:17,897 DEBUG [main] cache:45 - "test-view/standard.ftl"("en", UTF-8, parsed) cached copy not yet stale; using cached.
2022-05-16 04:28:17,899 DEBUG [main] cache:45 - "test-view/standard.ftl"("en", UTF-8, parsed) cached copy not yet stale; using cached.
2022-05-16 04:28:17,901 DEBUG [main] cache:45 - "test-view/standard.ftl"("en", UTF-8, parsed) cached copy not yet stale; using cached.
2022-05-16 04:28:17,902 DEBUG [main] cache:45 - "test-view/standard.ftl"("en", UTF-8, parsed) cached copy not yet stale; using cached.
2022-05-16 04:28:17,903 DEBUG [main] cache:45 - "test-view/standard.ftl"("en", UTF-8, parsed) cached copy not yet stale; using cached.
2022-05-16 04:28:17,904 DEBUG [main] cache:45 - "test-view/standard.ftl"("en", UTF-8, parsed) cached copy not yet stale; using cached.
2022-05-16 04:28:17,905 DEBUG [main] cache:45 - "test-view/standard.ftl"("en", UTF-8, parsed) cached copy not yet stale; using cached.
2022-05-16 04:28:17,906 DEBUG [main] cache:45 - "test-view/standard.ftl"("en", UTF-8, parsed) cached copy not yet stale; using cached.
2022-05-16 04:28:17,908 DEBUG [main] cache:45 - "test-view/standard.ftl"("en", UTF-8, parsed) cached copy not yet stale; using cached.
2022-05-16 04:28:17,911 DEBUG [main] cache:45 - "test-view/standard.ftl"("en", UTF-8, parsed) cached copy not yet stale; using cached.
2022-05-16 04:28:17,912 DEBUG [main] cache:45 - "test-view/standard.ftl"("en", UTF-8, parsed) cached copy not yet stale; using cached.
2022-05-16 04:28:17,913 DEBUG [main] cache:45 - "test-view/standard.ftl"("en", UTF-8, parsed) cached copy not yet stale; using cached.
2022-05-16 04:28:17,914 DEBUG [main] cache:45 - "test-view/standard.ftl"("en", UTF-8, parsed) cached copy not yet stale; using cached.
2022-05-16 04:28:17,917 DEBUG [main] cache:45 - "test-view/standard.ftl"("en", UTF-8, parsed) cached copy not yet stale; using cached.
2022-05-16 04:28:17,923 DEBUG [main] cache:45 - "test-view/standard.ftl"("en", UTF-8, parsed) cached copy not yet stale; using cached.
2022-05-16 04:28:17,924 DEBUG [main] cache:45 - "test-view/standard.ftl"("en", UTF-8, parsed) cached copy not yet stale; using cached.
2022-05-16 04:28:17,925 DEBUG [main] cache:45 - "test-view/standard.ftl"("en", UTF-8, parsed) cached copy not yet stale; using cached.
2022-05-16 04:28:17,926 DEBUG [main] cache:45 - "test-view/standard.ftl"("en", UTF-8, parsed) cached copy not yet stale; using cached.
2022-05-16 04:28:17,927 DEBUG [main] cache:45 - Couldn't find template in cache for "category-view/category-view.ftl"("en", UTF-8, parsed); will try to load it.
2022-05-16 04:28:17,927 DEBUG [main] cache:45 - TemplateLoader.findTemplateSource("category-view/category-view_en.ftl"): Not found
2022-05-16 04:28:17,954 DEBUG [main] cache:45 - TemplateLoader.findTemplateSource("category-view/category-view.ftl"): Found
2022-05-16 04:28:17,954 DEBUG [main] cache:45 - Loading template for "category-view/category-view.ftl"("en", UTF-8, parsed) from "jar:file:/C:/Users/nirnay/.m2/repository/com/aventstack/extentreports/3.1.2/extentreports-3.1.2.jar!/com/aventstack/extentreports/view/html-report/category-view/category-view.ftl"
2022-05-16 04:28:17,957 DEBUG [main] cache:45 - Couldn't find template in cache for "author-view/author-view.ftl"("en", UTF-8, parsed); will try to load it.
2022-05-16 04:28:17,957 DEBUG [main] cache:45 - TemplateLoader.findTemplateSource("author-view/author-view_en.ftl"): Not found
2022-05-16 04:28:17,958 DEBUG [main] cache:45 - TemplateLoader.findTemplateSource("author-view/author-view.ftl"): Found
2022-05-16 04:28:17,958 DEBUG [main] cache:45 - Loading template for "author-view/author-view.ftl"("en", UTF-8, parsed) from "jar:file:/C:/Users/nirnay/.m2/repository/com/aventstack/extentreports/3.1.2/extentreports-3.1.2.jar!/com/aventstack/extentreports/view/html-report/author-view/author-view.ftl"
2022-05-16 04:28:17,961 DEBUG [main] cache:45 - Couldn't find template in cache for "exception-view/exception-view.ftl"("en", UTF-8, parsed); will try to load it.
2022-05-16 04:28:17,962 DEBUG [main] cache:45 - TemplateLoader.findTemplateSource("exception-view/exception-view_en.ftl"): Not found
2022-05-16 04:28:17,963 DEBUG [main] cache:45 - TemplateLoader.findTemplateSource("exception-view/exception-view.ftl"): Found
2022-05-16 04:28:17,963 DEBUG [main] cache:45 - Loading template for "exception-view/exception-view.ftl"("en", UTF-8, parsed) from "jar:file:/C:/Users/nirnay/.m2/repository/com/aventstack/extentreports/3.1.2/extentreports-3.1.2.jar!/com/aventstack/extentreports/view/html-report/exception-view/exception-view.ftl"
2022-05-16 04:28:17,967 DEBUG [main] cache:45 - Couldn't find template in cache for "dashboard-view/dashboard-view.ftl"("en", UTF-8, parsed); will try to load it.
2022-05-16 04:28:17,968 DEBUG [main] cache:45 - TemplateLoader.findTemplateSource("dashboard-view/dashboard-view_en.ftl"): Not found
2022-05-16 04:28:17,969 DEBUG [main] cache:45 - TemplateLoader.findTemplateSource("dashboard-view/dashboard-view.ftl"): Found
2022-05-16 04:28:17,970 DEBUG [main] cache:45 - Loading template for "dashboard-view/dashboard-view.ftl"("en", UTF-8, parsed) from "jar:file:/C:/Users/nirnay/.m2/repository/com/aventstack/extentreports/3.1.2/extentreports-3.1.2.jar!/com/aventstack/extentreports/view/html-report/dashboard-view/dashboard-view.ftl"
2022-05-16 04:28:17,980 DEBUG [main] cache:45 - Couldn't find template in cache for "logs-view/testrunner-logs-view.ftl"("en", UTF-8, parsed); will try to load it.
2022-05-16 04:28:17,980 DEBUG [main] cache:45 - TemplateLoader.findTemplateSource("logs-view/testrunner-logs-view_en.ftl"): Not found
2022-05-16 04:28:17,981 DEBUG [main] cache:45 - TemplateLoader.findTemplateSource("logs-view/testrunner-logs-view.ftl"): Found
2022-05-16 04:28:17,982 DEBUG [main] cache:45 - Loading template for "logs-view/testrunner-logs-view.ftl"("en", UTF-8, parsed) from "jar:file:/C:/Users/nirnay/.m2/repository/com/aventstack/extentreports/3.1.2/extentreports-3.1.2.jar!/com/aventstack/extentreports/view/html-report/logs-view/testrunner-logs-view.ftl"
2022-05-20 00:58:34,146  INFO [main] BBC Login :19 - url is open
2022-05-20 00:58:34,226  INFO [main] BBC Login :23 - ************************Enter search data*****************************
2022-05-20 00:58:35,725  INFO [main] BBC Login :25 - ************************click search btn*****************************
2022-05-20 00:58:36,166  INFO [main] BBC Login :40 - Screenshot taken
2022-05-20 01:15:50,193  INFO [main] BBC Login :19 - url is open
2022-05-20 01:15:50,274  INFO [main] BBC Login :23 - Enter search data
2022-05-20 01:15:52,789  INFO [main] BBC Login :25 - click search btn
2022-05-20 01:15:53,384  INFO [main] BBC Login :40 - Screenshot taken
2022-05-20 01:15:54,192  INFO [main] BBC Login :19 - url is open
2022-05-20 01:15:54,300  INFO [main] BBC Login :23 - Enter search data
2022-05-20 01:15:55,672  INFO [main] BBC Login :25 - click search btn
2022-05-20 01:15:56,094  INFO [main] BBC Login :40 - Screenshot taken
2022-05-20 01:15:56,970  INFO [main] BBC Login :19 - url is open
2022-05-20 01:15:57,083  INFO [main] BBC Login :23 - Enter search data
2022-05-20 01:16:00,653  INFO [main] BBC Login :25 - click search btn
2022-05-20 01:16:01,203  INFO [main] BBC Login :40 - Screenshot taken
2022-05-20 01:16:02,457  INFO [main] BBC Login :19 - url is open
2022-05-20 01:16:02,555  INFO [main] BBC Login :23 - Enter search data
2022-05-20 01:16:04,143  INFO [main] BBC Login :25 - click search btn
2022-05-20 01:16:04,541  INFO [main] BBC Login :40 - Screenshot taken
2022-05-20 01:16:05,676  INFO [main] BBC Login :19 - url is open
2022-05-20 01:16:05,768  INFO [main] BBC Login :23 - Enter search data
2022-05-20 01:16:08,445  INFO [main] BBC Login :25 - click search btn
2022-05-20 01:16:08,914  INFO [main] BBC Login :40 - Screenshot taken
2022-05-20 01:16:09,677  INFO [main] BBC Login :19 - url is open
2022-05-20 01:16:09,796  INFO [main] BBC Login :23 - Enter search data
2022-05-20 01:16:11,494  INFO [main] BBC Login :25 - click search btn
2022-05-20 01:16:12,034  INFO [main] BBC Login :40 - Screenshot taken
2022-05-20 01:19:41,199  INFO [main] BBC Login :19 - url is open
2022-05-20 01:19:41,307  INFO [main] BBC Login :23 - Enter search data
2022-05-20 01:19:43,011  INFO [main] BBC Login :25 - click search btn
2022-05-20 01:19:43,427  INFO [main] BBC Login :40 - Screenshot taken
2022-05-20 01:19:44,565  INFO [main] BBC Login :19 - url is open
2022-05-20 01:19:44,651  INFO [main] BBC Login :23 - Enter search data
2022-05-20 01:19:46,302  INFO [main] BBC Login :25 - click search btn
2022-05-20 01:19:46,775  INFO [main] BBC Login :40 - Screenshot taken
2022-05-20 01:19:47,396  INFO [main] BBC Login :19 - url is open
2022-05-20 01:19:47,511  INFO [main] BBC Login :23 - Enter search data
2022-05-20 01:19:49,013  INFO [main] BBC Login :25 - click search btn
2022-05-20 01:19:49,466  INFO [main] BBC Login :40 - Screenshot taken
2022-05-20 01:19:50,062  INFO [main] BBC Login :19 - url is open
2022-05-20 01:19:50,169  INFO [main] BBC Login :23 - Enter search data
2022-05-20 01:19:51,682  INFO [main] BBC Login :25 - click search btn
2022-05-20 01:19:52,049  INFO [main] BBC Login :40 - Screenshot taken
2022-05-20 01:19:52,596  INFO [main] BBC Login :19 - url is open
2022-05-20 01:19:52,696  INFO [main] BBC Login :23 - Enter search data
2022-05-20 01:19:53,887  INFO [main] BBC Login :25 - click search btn
2022-05-20 01:19:54,165  INFO [main] BBC Login :40 - Screenshot taken
2022-05-20 01:19:54,711  INFO [main] BBC Login :19 - url is open
2022-05-20 01:19:54,821  INFO [main] BBC Login :23 - Enter search data
2022-05-20 01:19:56,312  INFO [main] BBC Login :25 - click search btn
2022-05-20 01:19:56,793  INFO [main] BBC Login :40 - Screenshot taken
2022-05-20 01:19:57,735  INFO [main] BBC Login :19 - url is open
2022-05-20 01:19:57,845  INFO [main] BBC Login :23 - Enter search data
2022-05-20 01:19:59,607  INFO [main] BBC Login :25 - click search btn
2022-05-20 01:20:00,001  INFO [main] BBC Login :40 - Screenshot taken
2022-05-20 01:20:00,849  INFO [main] BBC Login :19 - url is open
2022-05-20 01:20:00,959  INFO [main] BBC Login :23 - Enter search data
2022-05-20 01:20:03,298  INFO [main] BBC Login :25 - click search btn
2022-05-20 01:20:03,774  INFO [main] BBC Login :40 - Screenshot taken
2022-05-20 01:20:04,715  INFO [main] BBC Login :19 - url is open
2022-05-20 01:20:04,814  INFO [main] BBC Login :23 - Enter search data
2022-05-20 01:20:05,971  INFO [main] BBC Login :25 - click search btn
2022-05-20 01:20:06,450  INFO [main] BBC Login :40 - Screenshot taken
2022-05-20 01:20:07,004  INFO [main] BBC Login :19 - url is open
2022-05-20 01:20:07,105  INFO [main] BBC Login :23 - Enter search data
2022-05-20 01:20:08,580  INFO [main] BBC Login :25 - click search btn
2022-05-20 01:20:08,995  INFO [main] BBC Login :40 - Screenshot taken
2022-05-20 01:20:13,988  INFO [main] BBC Login :14 - URL is open
2022-05-20 01:20:14,074  INFO [main] BBC Login :17 - enter data
2022-05-20 01:20:14,135  INFO [main] BBC Login :14 - URL is open
2022-05-20 01:20:14,298  INFO [main] BBC Login :17 - enter data
2022-05-20 01:20:14,320  INFO [main] BBC Login :14 - URL is open
2022-05-20 01:20:14,400  INFO [main] BBC Login :17 - enter data
2022-05-20 01:20:14,422  INFO [main] BBC Login :14 - URL is open
2022-05-20 01:20:14,462  INFO [main] BBC Login :17 - enter data
2022-05-20 01:20:14,502  INFO [main] BBC Login :14 - URL is open
2022-05-20 01:20:14,555  INFO [main] BBC Login :17 - enter data
2022-05-20 01:20:14,587  INFO [main] BBC Login :14 - URL is open
2022-05-20 01:20:14,637  INFO [main] BBC Login :17 - enter data
2022-05-20 01:20:14,665  INFO [main] BBC Login :14 - URL is open
2022-05-20 01:20:14,753  INFO [main] BBC Login :17 - enter data
2022-05-20 01:20:19,596  INFO [main] BBC Login :18 - verify the element
2022-05-20 01:20:19,622  INFO [main] BBC Login :22 - verify the element
2022-05-20 01:20:19,649  INFO [main] BBC Login :26 - verify the element
2022-05-20 01:20:19,679  INFO [main] BBC Login :30 - verify the element
2022-05-20 01:20:25,276  INFO [main] BBC Login :19 - Login test passed
2022-05-20 01:20:30,795  INFO [main] BBC Login :25 - About test passed
2022-05-20 01:20:38,553  INFO [main] BBC Login :40 - Screenshot taken
2022-05-20 01:20:44,737  INFO [main] BBC Login :24 - View More Button test is passed
2022-05-20 01:20:49,455  INFO [main] BBC Login :40 - Screenshot taken
2022-05-20 01:20:53,677  INFO [main] BBC Login :23 - Verify search bar pass
2022-05-20 01:20:58,803  INFO [main] BBC Login :17 - Enter search data 
2022-05-20 01:20:59,079 DEBUG [main] cache:45 - Couldn't find template in cache for "index.ftl"("en", UTF-8, parsed); will try to load it.
2022-05-20 01:20:59,080 DEBUG [main] cache:45 - TemplateLoader.findTemplateSource("index_en.ftl"): Not found
2022-05-20 01:20:59,081 DEBUG [main] cache:45 - TemplateLoader.findTemplateSource("index.ftl"): Found
2022-05-20 01:20:59,081 DEBUG [main] cache:45 - Loading template for "index.ftl"("en", UTF-8, parsed) from "jar:file:/C:/Users/Shubhankar/.m2/repository/com/aventstack/extentreports/3.1.2/extentreports-3.1.2.jar!/com/aventstack/extentreports/view/html-report/index.ftl"
2022-05-20 01:20:59,232 DEBUG [main] cache:45 - Couldn't find template in cache for "head.ftl"("en", UTF-8, parsed); will try to load it.
2022-05-20 01:20:59,232 DEBUG [main] cache:45 - TemplateLoader.findTemplateSource("head_en.ftl"): Not found
2022-05-20 01:20:59,233 DEBUG [main] cache:45 - TemplateLoader.findTemplateSource("head.ftl"): Found
2022-05-20 01:20:59,233 DEBUG [main] cache:45 - Loading template for "head.ftl"("en", UTF-8, parsed) from "jar:file:/C:/Users/Shubhankar/.m2/repository/com/aventstack/extentreports/3.1.2/extentreports-3.1.2.jar!/com/aventstack/extentreports/view/html-report/head.ftl"
2022-05-20 01:20:59,235 DEBUG [main] cache:45 - Couldn't find template in cache for "nav.ftl"("en", UTF-8, parsed); will try to load it.
2022-05-20 01:20:59,236 DEBUG [main] cache:45 - TemplateLoader.findTemplateSource("nav_en.ftl"): Not found
2022-05-20 01:20:59,236 DEBUG [main] cache:45 - TemplateLoader.findTemplateSource("nav.ftl"): Found
2022-05-20 01:20:59,237 DEBUG [main] cache:45 - Loading template for "nav.ftl"("en", UTF-8, parsed) from "jar:file:/C:/Users/Shubhankar/.m2/repository/com/aventstack/extentreports/3.1.2/extentreports-3.1.2.jar!/com/aventstack/extentreports/view/html-report/nav.ftl"
2022-05-20 01:20:59,243 DEBUG [main] cache:45 - Couldn't find template in cache for "test-view/test-view.ftl"("en", UTF-8, parsed); will try to load it.
2022-05-20 01:20:59,243 DEBUG [main] cache:45 - TemplateLoader.findTemplateSource("test-view/test-view_en.ftl"): Not found
2022-05-20 01:20:59,244 DEBUG [main] cache:45 - TemplateLoader.findTemplateSource("test-view/test-view.ftl"): Found
2022-05-20 01:20:59,244 DEBUG [main] cache:45 - Loading template for "test-view/test-view.ftl"("en", UTF-8, parsed) from "jar:file:/C:/Users/Shubhankar/.m2/repository/com/aventstack/extentreports/3.1.2/extentreports-3.1.2.jar!/com/aventstack/extentreports/view/html-report/test-view/test-view.ftl"
2022-05-20 01:20:59,252 DEBUG [main] cache:45 - Couldn't find template in cache for "test-view/test-view-charts.ftl"("en", UTF-8, parsed); will try to load it.
2022-05-20 01:20:59,252 DEBUG [main] cache:45 - TemplateLoader.findTemplateSource("test-view/test-view-charts_en.ftl"): Not found
2022-05-20 01:20:59,253 DEBUG [main] cache:45 - TemplateLoader.findTemplateSource("test-view/test-view-charts.ftl"): Found
2022-05-20 01:20:59,253 DEBUG [main] cache:45 - Loading template for "test-view/test-view-charts.ftl"("en", UTF-8, parsed) from "jar:file:/C:/Users/Shubhankar/.m2/repository/com/aventstack/extentreports/3.1.2/extentreports-3.1.2.jar!/com/aventstack/extentreports/view/html-report/test-view/test-view-charts.ftl"
2022-05-20 01:20:59,264 DEBUG [main] cache:45 - Couldn't find template in cache for "test-view/standard.ftl"("en", UTF-8, parsed); will try to load it.
2022-05-20 01:20:59,264 DEBUG [main] cache:45 - TemplateLoader.findTemplateSource("test-view/standard_en.ftl"): Not found
2022-05-20 01:20:59,265 DEBUG [main] cache:45 - TemplateLoader.findTemplateSource("test-view/standard.ftl"): Found
2022-05-20 01:20:59,265 DEBUG [main] cache:45 - Loading template for "test-view/standard.ftl"("en", UTF-8, parsed) from "jar:file:/C:/Users/Shubhankar/.m2/repository/com/aventstack/extentreports/3.1.2/extentreports-3.1.2.jar!/com/aventstack/extentreports/view/html-report/test-view/standard.ftl"
2022-05-20 01:20:59,276 DEBUG [main] cache:45 - "test-view/standard.ftl"("en", UTF-8, parsed) cached copy not yet stale; using cached.
2022-05-20 01:20:59,276 DEBUG [main] cache:45 - "test-view/standard.ftl"("en", UTF-8, parsed) cached copy not yet stale; using cached.
2022-05-20 01:20:59,276 DEBUG [main] cache:45 - "test-view/standard.ftl"("en", UTF-8, parsed) cached copy not yet stale; using cached.
2022-05-20 01:20:59,279 DEBUG [main] cache:45 - "test-view/standard.ftl"("en", UTF-8, parsed) cached copy not yet stale; using cached.
2022-05-20 01:20:59,280 DEBUG [main] cache:45 - "test-view/standard.ftl"("en", UTF-8, parsed) cached copy not yet stale; using cached.
2022-05-20 01:20:59,281 DEBUG [main] cache:45 - "test-view/standard.ftl"("en", UTF-8, parsed) cached copy not yet stale; using cached.
2022-05-20 01:20:59,282 DEBUG [main] cache:45 - "test-view/standard.ftl"("en", UTF-8, parsed) cached copy not yet stale; using cached.
2022-05-20 01:20:59,282 DEBUG [main] cache:45 - "test-view/standard.ftl"("en", UTF-8, parsed) cached copy not yet stale; using cached.
2022-05-20 01:20:59,283 DEBUG [main] cache:45 - "test-view/standard.ftl"("en", UTF-8, parsed) cached copy not yet stale; using cached.
2022-05-20 01:20:59,284 DEBUG [main] cache:45 - "test-view/standard.ftl"("en", UTF-8, parsed) cached copy not yet stale; using cached.
2022-05-20 01:20:59,285 DEBUG [main] cache:45 - "test-view/standard.ftl"("en", UTF-8, parsed) cached copy not yet stale; using cached.
2022-05-20 01:20:59,285 DEBUG [main] cache:45 - "test-view/standard.ftl"("en", UTF-8, parsed) cached copy not yet stale; using cached.
2022-05-20 01:20:59,286 DEBUG [main] cache:45 - "test-view/standard.ftl"("en", UTF-8, parsed) cached copy not yet stale; using cached.
2022-05-20 01:20:59,286 DEBUG [main] cache:45 - "test-view/standard.ftl"("en", UTF-8, parsed) cached copy not yet stale; using cached.
2022-05-20 01:20:59,287 DEBUG [main] cache:45 - "test-view/standard.ftl"("en", UTF-8, parsed) cached copy not yet stale; using cached.
2022-05-20 01:20:59,287 DEBUG [main] cache:45 - "test-view/standard.ftl"("en", UTF-8, parsed) cached copy not yet stale; using cached.
2022-05-20 01:20:59,288 DEBUG [main] cache:45 - "test-view/standard.ftl"("en", UTF-8, parsed) cached copy not yet stale; using cached.
2022-05-20 01:20:59,288 DEBUG [main] cache:45 - "test-view/standard.ftl"("en", UTF-8, parsed) cached copy not yet stale; using cached.
2022-05-20 01:20:59,289 DEBUG [main] cache:45 - "test-view/standard.ftl"("en", UTF-8, parsed) cached copy not yet stale; using cached.
2022-05-20 01:20:59,289 DEBUG [main] cache:45 - "test-view/standard.ftl"("en", UTF-8, parsed) cached copy not yet stale; using cached.
2022-05-20 01:20:59,294 DEBUG [main] cache:45 - "test-view/standard.ftl"("en", UTF-8, parsed) cached copy not yet stale; using cached.
2022-05-20 01:20:59,296 DEBUG [main] cache:45 - "test-view/standard.ftl"("en", UTF-8, parsed) cached copy not yet stale; using cached.
2022-05-20 01:20:59,298 DEBUG [main] cache:45 - "test-view/standard.ftl"("en", UTF-8, parsed) cached copy not yet stale; using cached.
2022-05-20 01:20:59,299 DEBUG [main] cache:45 - "test-view/standard.ftl"("en", UTF-8, parsed) cached copy not yet stale; using cached.
2022-05-20 01:20:59,300 DEBUG [main] cache:45 - Couldn't find template in cache for "category-view/category-view.ftl"("en", UTF-8, parsed); will try to load it.
2022-05-20 01:20:59,301 DEBUG [main] cache:45 - TemplateLoader.findTemplateSource("category-view/category-view_en.ftl"): Not found
2022-05-20 01:20:59,302 DEBUG [main] cache:45 - TemplateLoader.findTemplateSource("category-view/category-view.ftl"): Found
2022-05-20 01:20:59,302 DEBUG [main] cache:45 - Loading template for "category-view/category-view.ftl"("en", UTF-8, parsed) from "jar:file:/C:/Users/Shubhankar/.m2/repository/com/aventstack/extentreports/3.1.2/extentreports-3.1.2.jar!/com/aventstack/extentreports/view/html-report/category-view/category-view.ftl"
2022-05-20 01:20:59,306 DEBUG [main] cache:45 - Couldn't find template in cache for "author-view/author-view.ftl"("en", UTF-8, parsed); will try to load it.
2022-05-20 01:20:59,307 DEBUG [main] cache:45 - TemplateLoader.findTemplateSource("author-view/author-view_en.ftl"): Not found
2022-05-20 01:20:59,307 DEBUG [main] cache:45 - TemplateLoader.findTemplateSource("author-view/author-view.ftl"): Found
2022-05-20 01:20:59,308 DEBUG [main] cache:45 - Loading template for "author-view/author-view.ftl"("en", UTF-8, parsed) from "jar:file:/C:/Users/Shubhankar/.m2/repository/com/aventstack/extentreports/3.1.2/extentreports-3.1.2.jar!/com/aventstack/extentreports/view/html-report/author-view/author-view.ftl"
2022-05-20 01:20:59,312 DEBUG [main] cache:45 - Couldn't find template in cache for "exception-view/exception-view.ftl"("en", UTF-8, parsed); will try to load it.
2022-05-20 01:20:59,313 DEBUG [main] cache:45 - TemplateLoader.findTemplateSource("exception-view/exception-view_en.ftl"): Not found
2022-05-20 01:20:59,313 DEBUG [main] cache:45 - TemplateLoader.findTemplateSource("exception-view/exception-view.ftl"): Found
2022-05-20 01:20:59,313 DEBUG [main] cache:45 - Loading template for "exception-view/exception-view.ftl"("en", UTF-8, parsed) from "jar:file:/C:/Users/Shubhankar/.m2/repository/com/aventstack/extentreports/3.1.2/extentreports-3.1.2.jar!/com/aventstack/extentreports/view/html-report/exception-view/exception-view.ftl"
2022-05-20 01:20:59,316 DEBUG [main] cache:45 - Couldn't find template in cache for "dashboard-view/dashboard-view.ftl"("en", UTF-8, parsed); will try to load it.
2022-05-20 01:20:59,316 DEBUG [main] cache:45 - TemplateLoader.findTemplateSource("dashboard-view/dashboard-view_en.ftl"): Not found
2022-05-20 01:20:59,317 DEBUG [main] cache:45 - TemplateLoader.findTemplateSource("dashboard-view/dashboard-view.ftl"): Found
2022-05-20 01:20:59,318 DEBUG [main] cache:45 - Loading template for "dashboard-view/dashboard-view.ftl"("en", UTF-8, parsed) from "jar:file:/C:/Users/Shubhankar/.m2/repository/com/aventstack/extentreports/3.1.2/extentreports-3.1.2.jar!/com/aventstack/extentreports/view/html-report/dashboard-view/dashboard-view.ftl"
2022-05-20 01:20:59,326 DEBUG [main] cache:45 - Couldn't find template in cache for "logs-view/testrunner-logs-view.ftl"("en", UTF-8, parsed); will try to load it.
2022-05-20 01:20:59,327 DEBUG [main] cache:45 - TemplateLoader.findTemplateSource("logs-view/testrunner-logs-view_en.ftl"): Not found
2022-05-20 01:20:59,328 DEBUG [main] cache:45 - TemplateLoader.findTemplateSource("logs-view/testrunner-logs-view.ftl"): Found
2022-05-20 01:20:59,328 DEBUG [main] cache:45 - Loading template for "logs-view/testrunner-logs-view.ftl"("en", UTF-8, parsed) from "jar:file:/C:/Users/Shubhankar/.m2/repository/com/aventstack/extentreports/3.1.2/extentreports-3.1.2.jar!/com/aventstack/extentreports/view/html-report/logs-view/testrunner-logs-view.ftl"
